<?xml version="1.0" encoding="UTF-8"?>
<testsuite name="com.telRan.addressbook.tests.ContactModificationTests" tests="1" skipped="0" failures="0" errors="0" timestamp="2018-11-10T13:43:56" hostname="LAPTOP-DV1HDH2R" time="1.222">
  <properties/>
  <testcase name="TestContactModification" classname="com.telRan.addressbook.tests.ContactModificationTests" time="1.222"/>
  <system-out><![CDATA[]]></system-out>
  <system-err><![CDATA[]]></system-err>
</testsuite>
