<?xml version="1.0" encoding="UTF-8"?>
<testsuite name="com.telRan.addressbook.tests.GroupModificationTests" tests="1" skipped="0" failures="0" errors="0" timestamp="2018-11-17T12:32:07" hostname="LAPTOP-DV1HDH2R" time="1.616">
  <properties/>
  <testcase name="testGroupModification" classname="com.telRan.addressbook.tests.GroupModificationTests" time="1.616"/>
  <system-out><![CDATA[]]></system-out>
  <system-err><![CDATA[]]></system-err>
</testsuite>
