<?xml version="1.0" encoding="UTF-8"?>
<testsuite name="com.telRan.addressbook.tests.ContactDeletionTests" tests="1" skipped="0" failures="0" errors="0" timestamp="2018-11-10T13:43:58" hostname="LAPTOP-DV1HDH2R" time="0.766">
  <properties/>
  <testcase name="testContactDeletion" classname="com.telRan.addressbook.tests.ContactDeletionTests" time="0.766"/>
  <system-out><![CDATA[]]></system-out>
  <system-err><![CDATA[]]></system-err>
</testsuite>
