<?xml version="1.0" encoding="UTF-8"?>
<testsuite name="com.telRan.addressbook.tests.GroupModificationTests" tests="1" skipped="0" failures="0" errors="0" timestamp="2018-11-10T10:51:53" hostname="LAPTOP-DV1HDH2R" time="0.845">
  <properties/>
  <testcase name="testGroupModification" classname="com.telRan.addressbook.tests.GroupModificationTests" time="0.845"/>
  <system-out><![CDATA[]]></system-out>
  <system-err><![CDATA[]]></system-err>
</testsuite>
