<?xml version="1.0" encoding="UTF-8"?>
<testsuite name="com.telRan.addressbook.tests.ContactModificationTests" tests="1" skipped="0" failures="0" errors="0" timestamp="2018-11-17T12:32:17" hostname="LAPTOP-DV1HDH2R" time="2.483">
  <properties/>
  <testcase name="TestContactModification" classname="com.telRan.addressbook.tests.ContactModificationTests" time="2.483"/>
  <system-out><![CDATA[]]></system-out>
  <system-err><![CDATA[]]></system-err>
</testsuite>
