<?xml version="1.0" encoding="UTF-8"?>
<testsuite name="com.telRan.addressbook.tests.ContactModificationTests" tests="1" skipped="0" failures="0" errors="0" timestamp="2018-10-29T17:11:49" hostname="LAPTOP-DV1HDH2R" time="4.089">
  <properties/>
  <testcase name="TestContactModification" classname="com.telRan.addressbook.tests.ContactModificationTests" time="4.089"/>
  <system-out><![CDATA[]]></system-out>
  <system-err><![CDATA[]]></system-err>
</testsuite>
