<?xml version="1.0" encoding="UTF-8"?>
<testsuite name="com.telRan.addressbook.tests.ContactCreationTests" tests="1" skipped="0" failures="0" errors="0" timestamp="2018-10-29T17:11:42" hostname="LAPTOP-DV1HDH2R" time="4.133">
  <properties/>
  <testcase name="testContactCreation" classname="com.telRan.addressbook.tests.ContactCreationTests" time="4.133"/>
  <system-out><![CDATA[]]></system-out>
  <system-err><![CDATA[]]></system-err>
</testsuite>
